<?xml version="1.0" encoding="UTF-8"?>
<!-- Generated by org.testng.reporters.JUnitReportReporter -->
<testsuite hostname="DESKTOP-MA9UMF9" failures="0" tests="4" name="com.wbl.qa.testcases.ContactPageTest" time="0.658" errors="0" timestamp="7 Mar 2020 05:25:32 GMT">
  <testcase classname="com.wbl.qa.testcases.ContactPageTest" name="selectMultipleContactsTest" time="0.459"/>
  <testcase classname="com.wbl.qa.testcases.ContactPageTest" name="editSingleSelectTest" time="0.001"/>
  <testcase classname="com.wbl.qa.testcases.ContactPageTest" name="selectSingleContactsTest" time="0.117"/>
  <testcase classname="com.wbl.qa.testcases.ContactPageTest" name="verifyContactsLblTest" time="0.081"/>
</testsuite> <!-- com.wbl.qa.testcases.ContactPageTest -->
