<?xml version="1.0" encoding="UTF-8"?>
<!-- Generated by org.testng.reporters.JUnitReportReporter -->
<testsuite hostname="DESKTOP-MA9UMF9" failures="0" tests="5" name="com.wbl.qa.testcases.MyAccountPageTest" time="1.899" errors="0" timestamp="7 Mar 2020 05:25:32 GMT">
  <testcase classname="com.wbl.qa.testcases.MyAccountPageTest" name="verifyAccountPageTest" time="0.998"/>
  <testcase classname="com.wbl.qa.testcases.MyAccountPageTest" name="loginTest" time="0.465"/>
  <testcase classname="com.wbl.qa.testcases.MyAccountPageTest" name="verifyContactsClickTest" time="0.217"/>
  <testcase classname="com.wbl.qa.testcases.MyAccountPageTest" name="verifyImageTest" time="0.041"/>
  <testcase classname="com.wbl.qa.testcases.MyAccountPageTest" name="verifyCalendarTest" time="0.178"/>
</testsuite> <!-- com.wbl.qa.testcases.MyAccountPageTest -->
