<?xml version="1.0" encoding="UTF-8"?>
<!-- Generated by org.testng.reporters.JUnitReportReporter -->
<testsuite hostname="DESKTOP-MA9UMF9" failures="0" tests="1" name="com.wbl.qa.testcases.LoginPageTest" time="7.010" errors="0" timestamp="7 Mar 2020 05:25:32 GMT">
  <testcase classname="com.wbl.qa.testcases.LoginPageTest" name="loginTest" time="7.010"/>
</testsuite> <!-- com.wbl.qa.testcases.LoginPageTest -->
