<?xml version="1.0" encoding="UTF-8"?>
<!-- Generated by org.testng.reporters.JUnitReportReporter -->
<testsuite hostname="DESKTOP-MA9UMF9" failures="0" tests="2" name="com.wbl.qa.testcases.HomePageLoginTest" time="14.275" errors="0" timestamp="7 Mar 2020 05:25:32 GMT">
  <testcase classname="com.wbl.qa.testcases.HomePageLoginTest" name="HomePageTitleTest" time="5.834"/>
  <testcase classname="com.wbl.qa.testcases.HomePageLoginTest" name="loginTest" time="8.441"/>
</testsuite> <!-- com.wbl.qa.testcases.HomePageLoginTest -->
